<?xml version="1.0" encoding="UTF-8"?>
<testsuite xmlns:xsi="http://www.w3.org/2001/XMLSchema-instance" xsi:noNamespaceSchemaLocation="https://maven.apache.org/surefire/maven-surefire-plugin/xsd/surefire-test-report.xsd" version="3.0.2" name="com.kargo.api.LazyLoadingTest" time="10.456" tests="2" errors="0" skipped="0" failures="0" flakes="0">
  <properties>
[...]
</properties>
  <testcase name="lazyErisim_sessionKapaliykenPatlar" classname="com.kargo.api.LazyLoadingTest" time="1.031">
    <system-out><![CDATA[20:48:52.288 [main] INFO org.springframework.test.context.support.AnnotationConfigContextLoaderUtils -- Could not detect default configuration classes for test class [com.kargo.api.LazyLoadingTest]: LazyLoadingTest does not declare any static, non-private, non-final, nested classes annotated with @Configuration.
20:48:52.401 [main] INFO org.springframework.boot.test.context.SpringBootTestContextBootstrapper -- Found @SpringBootConfiguration com.kargo.api.KargoApiApplication for test class com.kargo.api.LazyLoadingTest
20:48:52.489 [main] INFO org.springframework.test.context.support.AnnotationConfigContextLoaderUtils -- Could not detect default configuration classes for test class [com.kargo.api.LazyLoadingTest]: LazyLoadingTest does not declare any static, non-private, non-final, nested classes annotated with @Configuration.
20:48:52.490 [main] INFO org.springframework.boot.test.context.SpringBootTestContextBootstrapper -- Found @SpringBootConfiguration com.kargo.api.KargoApiApplication for test class com.kargo.api.LazyLoadingTest

  .   ____          _            __ _ _
 /\\ / ___'_ __ _ _(_)_ __  __ _ \ \ \ \
( ( )\___ | '_ | '_| | '_ \/ _` | \ \ \ \
 \\/  ___)| |_)| | | | | || (_| |  ) ) ) )
  '  |____| .__|_| |_|_| |_\__, | / / / /
 =========|_|==============|___/=/_/_/_/

 :: Spring Boot ::                (v4.0.7)

2026-08-09T20:48:52.876+03:00  INFO 37928 --- [kargo-api] [           main] com.kargo.api.LazyLoadingTest            : Starting LazyLoadingTest using Java 21.0.8 with PID 37928 (started by Bayram in C:\Users\Bayram\Desktop\JavaProject\kargo-v2\kargo-api)
2026-08-09T20:48:52.877+03:00  INFO 37928 --- [kargo-api] [           main] com.kargo.api.LazyLoadingTest            : The following 1 profile is active: "dev"
2026-08-09T20:48:53.460+03:00  INFO 37928 --- [kargo-api] [           main] .s.d.r.c.RepositoryConfigurationDelegate : Bootstrapping Spring Data JPA repositories in DEFAULT mode.
2026-08-09T20:48:53.507+03:00  INFO 37928 --- [kargo-api] [           main] .s.d.r.c.RepositoryConfigurationDelegate : Finished Spring Data repository scanning in 37 ms. Found 5 JPA repository interfaces.
2026-08-09T20:48:54.563+03:00  INFO 37928 --- [kargo-api] [           main] com.zaxxer.hikari.HikariDataSource       : HikariPool-1 - Starting...
2026-08-09T20:48:54.763+03:00  INFO 37928 --- [kargo-api] [           main] com.zaxxer.hikari.pool.HikariPool        : HikariPool-1 - Added connection org.postgresql.jdbc.PgConnection@4dac40b
2026-08-09T20:48:54.767+03:00  INFO 37928 --- [kargo-api] [           main] com.zaxxer.hikari.HikariDataSource       : HikariPool-1 - Start completed.
2026-08-09T20:48:54.800+03:00  INFO 37928 --- [kargo-api] [           main] org.flywaydb.core.FlywayExecutor         : Database: jdbc:postgresql://127.0.0.1:5433/kargodb (PostgreSQL 17.10)
2026-08-09T20:48:54.874+03:00  INFO 37928 --- [kargo-api] [           main] o.f.core.internal.command.DbValidate     : Successfully validated 6 migrations (execution time 00:00.037s)
2026-08-09T20:48:54.913+03:00  INFO 37928 --- [kargo-api] [           main] o.f.core.internal.command.DbMigrate      : Current version of schema "public": 6
2026-08-09T20:48:54.917+03:00  INFO 37928 --- [kargo-api] [           main] o.f.core.internal.command.DbMigrate      : Schema "public" is up to date. No migration necessary.
2026-08-09T20:48:55.053+03:00  INFO 37928 --- [kargo-api] [           main] org.hibernate.orm.jpa                    : HHH008540: Processing PersistenceUnitInfo [name: default]
2026-08-09T20:48:55.122+03:00  INFO 37928 --- [kargo-api] [           main] org.hibernate.orm.core                   : HHH000001: Hibernate ORM core version 7.2.19.Final
2026-08-09T20:48:55.579+03:00  INFO 37928 --- [kargo-api] [           main] o.s.o.j.p.SpringPersistenceUnitInfo      : No LoadTimeWeaver setup: ignoring JPA class transformer
2026-08-09T20:48:55.667+03:00  INFO 37928 --- [kargo-api] [           main] org.hibernate.orm.connections.pooling    : HHH10001005: Database info:
	Database JDBC URL [jdbc:postgresql://127.0.0.1:5433/kargodb]
	Database driver: PostgreSQL JDBC Driver
	Database dialect: PostgreSQLDialect
	Database version: 17.10
	Default catalog/schema: kargodb/public
	Autocommit mode: undefined/unknown
	Isolation level: READ_COMMITTED [default READ_COMMITTED]
	JDBC fetch size: none
	Pool: DataSourceConnectionProvider
	Minimum pool size: undefined/unknown
	Maximum pool size: undefined/unknown
2026-08-09T20:48:56.486+03:00  INFO 37928 --- [kargo-api] [           main] org.hibernate.orm.core                   : HHH000489: No JTA platform available (set 'hibernate.transaction.jta.platform' to enable JTA platform integration)
2026-08-09T20:48:56.531+03:00  INFO 37928 --- [kargo-api] [           main] j.LocalContainerEntityManagerFactoryBean : Initialized JPA EntityManagerFactory for persistence unit 'default'
2026-08-09T20:48:56.608+03:00  INFO 37928 --- [kargo-api] [           main] o.s.d.j.r.query.QueryEnhancerFactories   : Hibernate is in classpath; If applicable, HQL parser will be used.
2026-08-09T20:48:57.447+03:00  INFO 37928 --- [kargo-api] [           main] c.k.a.l.LoggingBeanPostProcessor         : BEFORE  pricing
2026-08-09T20:48:57.447+03:00  INFO 37928 --- [kargo-api] [           main] c.kargo.api.lifecycle.LifecycleDemoBean  : @PostConstruct LifecycleDemoBean 
2026-08-09T20:48:57.447+03:00  INFO 37928 --- [kargo-api] [           main] c.k.a.l.LoggingBeanPostProcessor         : AFTER pricing
2026-08-09T20:48:57.472+03:00  INFO 37928 --- [kargo-api] [           main] c.k.a.l.LoggingBeanPostProcessor         : BEFORE  pricing
2026-08-09T20:48:57.472+03:00  INFO 37928 --- [kargo-api] [           main] c.k.a.l.LoggingBeanPostProcessor         : AFTER pricing
2026-08-09T20:48:57.981+03:00  INFO 37928 --- [kargo-api] [           main] c.k.a.l.LoggingBeanPostProcessor         : BEFORE  pricing
2026-08-09T20:48:57.983+03:00  INFO 37928 --- [kargo-api] [           main] c.k.a.l.LoggingBeanPostProcessor         : AFTER pricing
2026-08-09T20:48:57.984+03:00  INFO 37928 --- [kargo-api] [           main] c.k.a.l.LoggingBeanPostProcessor         : BEFORE  pricing
2026-08-09T20:48:57.984+03:00  INFO 37928 --- [kargo-api] [           main] c.k.a.l.LoggingBeanPostProcessor         : AFTER pricing
2026-08-09T20:48:57.986+03:00  INFO 37928 --- [kargo-api] [           main] c.k.a.l.LoggingBeanPostProcessor         : BEFORE  pricing
2026-08-09T20:48:57.986+03:00  INFO 37928 --- [kargo-api] [           main] c.k.a.l.LoggingBeanPostProcessor         : AFTER pricing
2026-08-09T20:48:58.201+03:00  INFO 37928 --- [kargo-api] [           main] o.s.b.a.e.web.EndpointLinksResolver      : Exposing 4 endpoints beneath base path '/actuator'
2026-08-09T20:48:58.287+03:00  INFO 37928 --- [kargo-api] [           main] com.kargo.api.LazyLoadingTest            : Started LazyLoadingTest in 5.739 seconds (process running for 6.831)
2026-08-09T20:48:58.453+03:00 DEBUG 37928 --- [kargo-api] [           main] org.hibernate.SQL                        : 
    select
        count(*) 
    from
        shipments se1_0
2026-08-09T20:48:58.502+03:00 DEBUG 37928 --- [kargo-api] [           main] org.hibernate.SQL                        : 
    select
        se1_0.id,
        se1_0.branch_id,
        se1_0.courier_id,
        se1_0.created_at,
        se1_0.customer_id,
        e1_0.shipment_id,
        e1_0.id,
        e1_0.note,
        e1_0.occurred_at,
        e1_0.status,
        se1_0.price,
        se1_0.status,
        se1_0.tracking_number,
        se1_0.weight_kg 
    from
        shipments se1_0 
    left join
        shipment_events e1_0 
            on se1_0.id=e1_0.shipment_id
2026-08-09T20:48:59.509+03:00  INFO 37928 --- [kargo-api] [           main] com.kargo.api.NPlusOneDemo               : 1
2026-08-09T20:48:59.820+03:00 DEBUG 37928 --- [kargo-api] [           main] org.hibernate.SQL                        : 
    select
        se1_0.id,
        se1_0.branch_id,
        se1_0.courier_id,
        se1_0.created_at,
        se1_0.customer_id,
        se1_0.price,
        se1_0.status,
        se1_0.tracking_number,
        se1_0.weight_kg 
    from
        shipments se1_0 
    where
        se1_0.status=?
2026-08-09T20:48:59.822+03:00 TRACE 37928 --- [kargo-api] [           main] org.hibernate.orm.jdbc.bind              : binding parameter (1:VARCHAR) <- [CREATED]
2026-08-09T20:49:00.155+03:00 DEBUG 37928 --- [kargo-api] [           main] org.hibernate.SQL                        : 
    select
        se1_0.id,
        se1_0.branch_id,
        se1_0.courier_id,
        se1_0.created_at,
        se1_0.customer_id,
        se1_0.price,
        se1_0.status,
        se1_0.tracking_number,
        se1_0.weight_kg 
    from
        shipments se1_0 
    where
        se1_0.branch_id=?
2026-08-09T20:49:00.155+03:00 TRACE 37928 --- [kargo-api] [           main] org.hibernate.orm.jdbc.bind              : binding parameter (1:BIGINT) <- [1]
2026-08-09T20:49:00.213+03:00 DEBUG 37928 --- [kargo-api] [           main] org.hibernate.SQL                        : 
    select
        se1_0.id,
        se1_0.branch_id,
        se1_0.courier_id,
        se1_0.created_at,
        se1_0.customer_id,
        se1_0.price,
        se1_0.status,
        se1_0.tracking_number,
        se1_0.weight_kg 
    from
        shipments se1_0 
    where
        se1_0.status=? 
        and se1_0.branch_id=?
2026-08-09T20:49:00.213+03:00 TRACE 37928 --- [kargo-api] [           main] org.hibernate.orm.jdbc.bind              : binding parameter (1:VARCHAR) <- [CREATED]
2026-08-09T20:49:00.214+03:00 TRACE 37928 --- [kargo-api] [           main] org.hibernate.orm.jdbc.bind              : binding parameter (2:BIGINT) <- [1]
2026-08-09T20:49:00.255+03:00 DEBUG 37928 --- [kargo-api] [           main] org.hibernate.SQL                        : 
    select
        se1_0.id,
        se1_0.branch_id,
        se1_0.courier_id,
        se1_0.created_at,
        se1_0.customer_id,
        se1_0.price,
        se1_0.status,
        se1_0.tracking_number,
        se1_0.weight_kg 
    from
        shipments se1_0 
    where
        1=1 
        and 1=1 
        and 1=1 
        and 1=1
2026-08-09T20:49:00.709+03:00  INFO 37928 --- [kargo-api] [           main] com.kargo.api.SpecificationDemo          : Sadece CREATED: 20017
2026-08-09T20:49:00.710+03:00  INFO 37928 --- [kargo-api] [           main] com.kargo.api.SpecificationDemo          : Sadece BRANCH2
2026-08-09T20:49:00.710+03:00  INFO 37928 --- [kargo-api] [           main] com.kargo.api.SpecificationDemo          : CREATED ve BRANCH Birlikte: 1
2026-08-09T20:49:00.710+03:00  INFO 37928 --- [kargo-api] [           main] com.kargo.api.SpecificationDemo          : Alayı Birlikte: 100021
2026-08-09T20:49:00.882+03:00 DEBUG 37928 --- [kargo-api] [           main] org.hibernate.SQL                        : 
    select
        count(*) 
    from
        shipments se1_0
2026-08-09T20:49:00.891+03:00 DEBUG 37928 --- [kargo-api] [           main] org.hibernate.SQL                        : 
    select
        count(*) 
    from
        shipment_events see1_0
2026-08-09T20:49:00.894+03:00  INFO 37928 --- [kargo-api] [           main] com.kargo.api.TransactionDemo            : ONCE  -> gonderi: 100021, event: 36
2026-08-09T20:49:00.899+03:00 DEBUG 37928 --- [kargo-api] [           main] org.hibernate.SQL                        : 
    select
        ce1_0.id,
        ce1_0.created_at,
        ce1_0.email,
        ce1_0.full_name,
        ce1_0.phone 
    from
        customers ce1_0 
    where
        ce1_0.id=?
2026-08-09T20:49:00.900+03:00 TRACE 37928 --- [kargo-api] [           main] org.hibernate.orm.jdbc.bind              : binding parameter (1:BIGINT) <- [1]
2026-08-09T20:49:00.918+03:00 DEBUG 37928 --- [kargo-api] [           main] org.hibernate.SQL                        : 
    insert 
    into
        shipments
        (branch_id, courier_id, created_at, customer_id, price, status, tracking_number, weight_kg) 
    values
        (?, ?, ?, ?, ?, ?, ?, ?)
2026-08-09T20:49:00.920+03:00 TRACE 37928 --- [kargo-api] [           main] org.hibernate.orm.jdbc.bind              : binding parameter (1:BIGINT) <- [null]
2026-08-09T20:49:00.920+03:00 TRACE 37928 --- [kargo-api] [           main] org.hibernate.orm.jdbc.bind              : binding parameter (2:BIGINT) <- [null]
2026-08-09T20:49:00.920+03:00 TRACE 37928 --- [kargo-api] [           main] org.hibernate.orm.jdbc.bind              : binding parameter (3:TIMESTAMP_UTC) <- [2026-08-09T17:49:00.903719Z]
2026-08-09T20:49:00.922+03:00 TRACE 37928 --- [kargo-api] [           main] org.hibernate.orm.jdbc.bind              : binding parameter (4:BIGINT) <- [1]
2026-08-09T20:49:00.922+03:00 TRACE 37928 --- [kargo-api] [           main] org.hibernate.orm.jdbc.bind              : binding parameter (5:NUMERIC) <- [123]
2026-08-09T20:49:00.923+03:00 TRACE 37928 --- [kargo-api] [           main] org.hibernate.orm.jdbc.bind              : binding parameter (6:VARCHAR) <- [CREATED]
2026-08-09T20:49:00.923+03:00 TRACE 37928 --- [kargo-api] [           main] org.hibernate.orm.jdbc.bind              : binding parameter (7:VARCHAR) <- [TX-1786297740894]
2026-08-09T20:49:00.923+03:00 TRACE 37928 --- [kargo-api] [           main] org.hibernate.orm.jdbc.bind              : binding parameter (8:NUMERIC) <- [23.34]
2026-08-09T20:49:00.934+03:00 DEBUG 37928 --- [kargo-api] [           main] org.hibernate.SQL                        : 
    insert 
    into
        shipment_events
        (note, occurred_at, shipment_id, status) 
    values
        (?, ?, ?, ?)
2026-08-09T20:49:00.934+03:00 TRACE 37928 --- [kargo-api] [           main] org.hibernate.orm.jdbc.bind              : binding parameter (1:VARCHAR) <- [DENEME]
2026-08-09T20:49:00.934+03:00 TRACE 37928 --- [kargo-api] [           main] org.hibernate.orm.jdbc.bind              : binding parameter (2:TIMESTAMP_UTC) <- [2026-08-09T17:49:00.933248800Z]
2026-08-09T20:49:00.934+03:00 TRACE 37928 --- [kargo-api] [           main] org.hibernate.orm.jdbc.bind              : binding parameter (3:BIGINT) <- [100028]
2026-08-09T20:49:00.934+03:00 TRACE 37928 --- [kargo-api] [           main] org.hibernate.orm.jdbc.bind              : binding parameter (4:VARCHAR) <- [CREATED]
2026-08-09T20:49:00.944+03:00 DEBUG 37928 --- [kargo-api] [           main] org.hibernate.SQL                        : 
    select
        count(*) 
    from
        shipments se1_0
2026-08-09T20:49:00.950+03:00 DEBUG 37928 --- [kargo-api] [           main] org.hibernate.SQL                        : 
    select
        count(*) 
    from
        shipment_events see1_0
2026-08-09T20:49:00.953+03:00  INFO 37928 --- [kargo-api] [           main] com.kargo.api.TransactionDemo            : SONRA -> gonderi: 100022, event: 37
2026-08-09T20:49:00.954+03:00 DEBUG 37928 --- [kargo-api] [           main] org.hibernate.SQL                        : 
    select
        ce1_0.id,
        ce1_0.created_at,
        ce1_0.email,
        ce1_0.full_name,
        ce1_0.phone 
    from
        customers ce1_0 
    where
        ce1_0.id=?
2026-08-09T20:49:00.954+03:00 TRACE 37928 --- [kargo-api] [           main] org.hibernate.orm.jdbc.bind              : binding parameter (1:BIGINT) <- [1]
2026-08-09T20:49:00.956+03:00 DEBUG 37928 --- [kargo-api] [           main] org.hibernate.SQL                        : 
    insert 
    into
        shipments
        (branch_id, courier_id, created_at, customer_id, price, status, tracking_number, weight_kg) 
    values
        (?, ?, ?, ?, ?, ?, ?, ?)
2026-08-09T20:49:00.956+03:00 TRACE 37928 --- [kargo-api] [           main] org.hibernate.orm.jdbc.bind              : binding parameter (1:BIGINT) <- [null]
2026-08-09T20:49:00.956+03:00 TRACE 37928 --- [kargo-api] [           main] org.hibernate.orm.jdbc.bind              : binding parameter (2:BIGINT) <- [null]
2026-08-09T20:49:00.956+03:00 TRACE 37928 --- [kargo-api] [           main] org.hibernate.orm.jdbc.bind              : binding parameter (3:TIMESTAMP_UTC) <- [2026-08-09T17:49:00.956213500Z]
2026-08-09T20:49:00.957+03:00 TRACE 37928 --- [kargo-api] [           main] org.hibernate.orm.jdbc.bind              : binding parameter (4:BIGINT) <- [1]
2026-08-09T20:49:00.957+03:00 TRACE 37928 --- [kargo-api] [           main] org.hibernate.orm.jdbc.bind              : binding parameter (5:NUMERIC) <- [123]
2026-08-09T20:49:00.957+03:00 TRACE 37928 --- [kargo-api] [           main] org.hibernate.orm.jdbc.bind              : binding parameter (6:VARCHAR) <- [CREATED]
2026-08-09T20:49:00.957+03:00 TRACE 37928 --- [kargo-api] [           main] org.hibernate.orm.jdbc.bind              : binding parameter (7:VARCHAR) <- [TX-1786297740953]
2026-08-09T20:49:00.957+03:00 TRACE 37928 --- [kargo-api] [           main] org.hibernate.orm.jdbc.bind              : binding parameter (8:NUMERIC) <- [23.34]
2026-08-09T20:49:00.959+03:00 DEBUG 37928 --- [kargo-api] [           main] org.hibernate.SQL                        : 
    insert 
    into
        shipment_events
        (note, occurred_at, shipment_id, status) 
    values
        (?, ?, ?, ?)
2026-08-09T20:49:00.959+03:00 TRACE 37928 --- [kargo-api] [           main] org.hibernate.orm.jdbc.bind              : binding parameter (1:VARCHAR) <- [DENEME]
2026-08-09T20:49:00.959+03:00 TRACE 37928 --- [kargo-api] [           main] org.hibernate.orm.jdbc.bind              : binding parameter (2:TIMESTAMP_UTC) <- [2026-08-09T17:49:00.959384200Z]
2026-08-09T20:49:00.960+03:00 TRACE 37928 --- [kargo-api] [           main] org.hibernate.orm.jdbc.bind              : binding parameter (3:BIGINT) <- [100029]
2026-08-09T20:49:00.960+03:00 TRACE 37928 --- [kargo-api] [           main] org.hibernate.orm.jdbc.bind              : binding parameter (4:VARCHAR) <- [CREATED]
2026-08-09T20:49:00.966+03:00 DEBUG 37928 --- [kargo-api] [           main] org.hibernate.SQL                        : 
    select
        count(*) 
    from
        shipments se1_0
2026-08-09T20:49:00.972+03:00 DEBUG 37928 --- [kargo-api] [           main] org.hibernate.SQL                        : 
    select
        count(*) 
    from
        shipment_events see1_0
2026-08-09T20:49:00.975+03:00 ERROR 37928 --- [kargo-api] [           main] com.kargo.api.TransactionDemo            : Hata:

java.lang.Exception: Checked patlattim
	at com.kargo.api.service.ShipmentService.gonderiOlusturVeCheckedPatla(ShipmentService.java:98) ~[classes/:na]
	at java.base/jdk.internal.reflect.DirectMethodHandleAccessor.invoke(DirectMethodHandleAccessor.java:103) ~[na:na]
	at java.base/java.lang.reflect.Method.invoke(Method.java:580) ~[na:na]
	at org.springframework.aop.support.AopUtils.invokeJoinpointUsingReflection(AopUtils.java:359) ~[spring-aop-7.0.8.jar:7.0.8]
	at org.springframework.aop.framework.ReflectiveMethodInvocation.invokeJoinpoint(ReflectiveMethodInvocation.java:190) ~[spring-aop-7.0.8.jar:7.0.8]
	at org.springframework.aop.framework.ReflectiveMethodInvocation.proceed(ReflectiveMethodInvocation.java:158) ~[spring-aop-7.0.8.jar:7.0.8]
	at org.springframework.transaction.interceptor.TransactionInterceptor$1.proceedWithInvocation(TransactionInterceptor.java:133) ~[spring-tx-7.0.8.jar:7.0.8]
	at org.springframework.transaction.interceptor.TransactionAspectSupport.invokeWithinTransaction(TransactionAspectSupport.java:371) ~[spring-tx-7.0.8.jar:7.0.8]
	at org.springframework.transaction.interceptor.TransactionInterceptor.invoke(TransactionInterceptor.java:130) ~[spring-tx-7.0.8.jar:7.0.8]
	at org.springframework.aop.framework.ReflectiveMethodInvocation.proceed(ReflectiveMethodInvocation.java:179) ~[spring-aop-7.0.8.jar:7.0.8]
	at org.springframework.aop.framework.CglibAopProxy$DynamicAdvisedInterceptor.intercept(CglibAopProxy.java:719) ~[spring-aop-7.0.8.jar:7.0.8]
	at com.kargo.api.service.ShipmentService$$SpringCGLIB$$0.gonderiOlusturVeCheckedPatla(<generated>) ~[classes/:na]
	at com.kargo.api.TransactionDemo.run(TransactionDemo.java:38) ~[classes/:na]
	at org.springframework.boot.SpringApplication.lambda$callRunner$1(SpringApplication.java:792) ~[spring-boot-4.0.7.jar:4.0.7]
	at org.springframework.util.function.ThrowingConsumer$1.acceptWithException(ThrowingConsumer.java:82) ~[spring-core-7.0.8.jar:7.0.8]
	at org.springframework.util.function.ThrowingConsumer.accept(ThrowingConsumer.java:60) ~[spring-core-7.0.8.jar:7.0.8]
	at org.springframework.util.function.ThrowingConsumer$1.accept(ThrowingConsumer.java:86) ~[spring-core-7.0.8.jar:7.0.8]
	at org.springframework.boot.SpringApplication.callRunner(SpringApplication.java:800) ~[spring-boot-4.0.7.jar:4.0.7]
	at org.springframework.boot.SpringApplication.callRunner(SpringApplication.java:791) ~[spring-boot-4.0.7.jar:4.0.7]
	at org.springframework.boot.SpringApplication.lambda$callRunners$0(SpringApplication.java:776) ~[spring-boot-4.0.7.jar:4.0.7]
	at java.base/java.util.stream.ForEachOps$ForEachOp$OfRef.accept(ForEachOps.java:184) ~[na:na]
	at java.base/java.util.stream.SortedOps$SizedRefSortingSink.end(SortedOps.java:357) ~[na:na]
	at java.base/java.util.stream.AbstractPipeline.copyInto(AbstractPipeline.java:510) ~[na:na]
	at java.base/java.util.stream.AbstractPipeline.wrapAndCopyInto(AbstractPipeline.java:499) ~[na:na]
	at java.base/java.util.stream.ForEachOps$ForEachOp.evaluateSequential(ForEachOps.java:151) ~[na:na]
	at java.base/java.util.stream.ForEachOps$ForEachOp$OfRef.evaluateSequential(ForEachOps.java:174) ~[na:na]
	at java.base/java.util.stream.AbstractPipeline.evaluate(AbstractPipeline.java:234) ~[na:na]
	at java.base/java.util.stream.ReferencePipeline.forEach(ReferencePipeline.java:596) ~[na:na]
	at org.springframework.boot.SpringApplication.callRunners(SpringApplication.java:776) ~[spring-boot-4.0.7.jar:4.0.7]
	at org.springframework.boot.SpringApplication.run(SpringApplication.java:328) ~[spring-boot-4.0.7.jar:4.0.7]
	at org.springframework.boot.test.context.SpringBootContextLoader.lambda$loadContext$2(SpringBootContextLoader.java:155) ~[spring-boot-test-4.0.7.jar:4.0.7]
	at org.springframework.util.function.ThrowingSupplier.get(ThrowingSupplier.java:58) ~[spring-core-7.0.8.jar:7.0.8]
	at org.springframework.util.function.ThrowingSupplier.get(ThrowingSupplier.java:46) ~[spring-core-7.0.8.jar:7.0.8]
	at org.springframework.boot.SpringApplication.withHook(SpringApplication.java:1465) ~[spring-boot-4.0.7.jar:4.0.7]
	at org.springframework.boot.test.context.SpringBootContextLoader$ContextLoaderHook.run(SpringBootContextLoader.java:600) ~[spring-boot-test-4.0.7.jar:4.0.7]
	at org.springframework.boot.test.context.SpringBootContextLoader.loadContext(SpringBootContextLoader.java:155) ~[spring-boot-test-4.0.7.jar:4.0.7]
	at org.springframework.boot.test.context.SpringBootContextLoader.loadContext(SpringBootContextLoader.java:114) ~[spring-boot-test-4.0.7.jar:4.0.7]
	at org.springframework.test.context.cache.DefaultCacheAwareContextLoaderDelegate.loadContextInternal(DefaultCacheAwareContextLoaderDelegate.java:247) ~[spring-test-7.0.8.jar:7.0.8]
	at org.springframework.test.context.cache.DefaultCacheAwareContextLoaderDelegate.lambda$loadContext$0(DefaultCacheAwareContextLoaderDelegate.java:167) ~[spring-test-7.0.8.jar:7.0.8]
	at org.springframework.test.context.cache.DefaultContextCache.put(DefaultContextCache.java:214) ~[spring-test-7.0.8.jar:7.0.8]
	at org.springframework.test.context.cache.DefaultCacheAwareContextLoaderDelegate.loadContext(DefaultCacheAwareContextLoaderDelegate.java:160) ~[spring-test-7.0.8.jar:7.0.8]
	at org.springframework.test.context.support.DefaultTestContext.getApplicationContext(DefaultTestContext.java:128) ~[spring-test-7.0.8.jar:7.0.8]
	at org.springframework.test.context.web.ServletTestExecutionListener.setUpRequestContextIfNecessary(ServletTestExecutionListener.java:200) ~[spring-test-7.0.8.jar:7.0.8]
	at org.springframework.test.context.web.ServletTestExecutionListener.prepareTestInstance(ServletTestExecutionListener.java:139) ~[spring-test-7.0.8.jar:7.0.8]
	at org.springframework.test.context.TestContextManager.prepareTestInstance(TestContextManager.java:260) ~[spring-test-7.0.8.jar:7.0.8]
	at org.springframework.test.context.junit.jupiter.SpringExtension.postProcessTestInstance(SpringExtension.java:242) ~[spring-test-7.0.8.jar:7.0.8]
	at org.junit.jupiter.engine.descriptor.ClassBasedTestDescriptor.lambda$invokeTestInstancePostProcessors$1(ClassBasedTestDescriptor.java:423) ~[junit-jupiter-engine-6.0.3.jar:6.0.3]
	at org.junit.jupiter.engine.descriptor.ClassBasedTestDescriptor.executeAndMaskThrowable(ClassBasedTestDescriptor.java:428) ~[junit-jupiter-engine-6.0.3.jar:6.0.3]
	at org.junit.jupiter.engine.descriptor.ClassBasedTestDescriptor.lambda$invokeTestInstancePostProcessors$0(ClassBasedTestDescriptor.java:422) ~[junit-jupiter-engine-6.0.3.jar:6.0.3]
	at java.base/java.util.stream.ForEachOps$ForEachOp$OfRef.accept(ForEachOps.java:184) ~[na:na]
	at java.base/java.util.stream.ReferencePipeline$3$1.accept(ReferencePipeline.java:197) ~[na:na]
	at java.base/java.util.stream.ReferencePipeline$2$1.accept(ReferencePipeline.java:179) ~[na:na]
	at java.base/java.util.stream.ReferencePipeline$3$1.accept(ReferencePipeline.java:197) ~[na:na]
	at java.base/java.util.ArrayList$ArrayListSpliterator.forEachRemaining(ArrayList.java:1708) ~[na:na]
	at java.base/java.util.stream.AbstractPipeline.copyInto(AbstractPipeline.java:509) ~[na:na]
	at java.base/java.util.stream.AbstractPipeline.wrapAndCopyInto(AbstractPipeline.java:499) ~[na:na]
	at java.base/java.util.stream.ForEachOps$ForEachOp.evaluateSequential(ForEachOps.java:151) ~[na:na]
	at java.base/java.util.stream.ForEachOps$ForEachOp$OfRef.evaluateSequential(ForEachOps.java:174) ~[na:na]
	at java.base/java.util.stream.AbstractPipeline.evaluate(AbstractPipeline.java:234) ~[na:na]
	at java.base/java.util.stream.ReferencePipeline.forEach(ReferencePipeline.java:596) ~[na:na]
	at org.junit.jupiter.engine.descriptor.ClassBasedTestDescriptor.invokeTestInstancePostProcessors(ClassBasedTestDescriptor.java:422) ~[junit-jupiter-engine-6.0.3.jar:6.0.3]
	at org.junit.jupiter.engine.descriptor.ClassBasedTestDescriptor.lambda$instantiateAndPostProcessTestInstance$0(ClassBasedTestDescriptor.java:334) ~[junit-jupiter-engine-6.0.3.jar:6.0.3]
	at org.junit.platform.engine.support.hierarchical.ThrowableCollector.execute(ThrowableCollector.java:74) ~[junit-platform-engine-6.0.3.jar:6.0.3]
	at org.junit.jupiter.engine.descriptor.ClassBasedTestDescriptor.instantiateAndPostProcessTestInstance(ClassBasedTestDescriptor.java:333) ~[junit-jupiter-engine-6.0.3.jar:6.0.3]
	at org.junit.jupiter.engine.descriptor.ClassBasedTestDescriptor.lambda$testInstancesProvider$1(ClassBasedTestDescriptor.java:322) ~[junit-jupiter-engine-6.0.3.jar:6.0.3]
	at java.base/java.util.Optional.orElseGet(Optional.java:364) ~[na:na]
	at org.junit.jupiter.engine.descriptor.ClassBasedTestDescriptor.lambda$testInstancesProvider$0(ClassBasedTestDescriptor.java:321) ~[junit-jupiter-engine-6.0.3.jar:6.0.3]
	at org.junit.jupiter.engine.execution.TestInstancesProvider.getTestInstances(TestInstancesProvider.java:27) ~[junit-jupiter-engine-6.0.3.jar:6.0.3]
	at org.junit.jupiter.engine.descriptor.TestMethodTestDescriptor.lambda$prepare$0(TestMethodTestDescriptor.java:127) ~[junit-jupiter-engine-6.0.3.jar:6.0.3]
	at org.junit.platform.engine.support.hierarchical.ThrowableCollector.execute(ThrowableCollector.java:74) ~[junit-platform-engine-6.0.3.jar:6.0.3]
	at org.junit.jupiter.engine.descriptor.TestMethodTestDescriptor.prepare(TestMethodTestDescriptor.java:126) ~[junit-jupiter-engine-6.0.3.jar:6.0.3]
	at org.junit.jupiter.engine.descriptor.TestMethodTestDescriptor.prepare(TestMethodTestDescriptor.java:70) ~[junit-jupiter-engine-6.0.3.jar:6.0.3]
	at org.junit.platform.engine.support.hierarchical.NodeTestTask.lambda$prepare$0(NodeTestTask.java:144) ~[junit-platform-engine-6.0.3.jar:6.0.3]
	at org.junit.platform.engine.support.hierarchical.ThrowableCollector.execute(ThrowableCollector.java:74) ~[junit-platform-engine-6.0.3.jar:6.0.3]
	at org.junit.platform.engine.support.hierarchical.NodeTestTask.prepare(NodeTestTask.java:144) ~[junit-platform-engine-6.0.3.jar:6.0.3]
	at org.junit.platform.engine.support.hierarchical.NodeTestTask.execute(NodeTestTask.java:110) ~[junit-platform-engine-6.0.3.jar:6.0.3]
	at java.base/java.util.ArrayList.forEach(ArrayList.java:1596) ~[na:na]
	at org.junit.platform.engine.support.hierarchical.SameThreadHierarchicalTestExecutorService.invokeAll(SameThreadHierarchicalTestExecutorService.java:42) ~[junit-platform-engine-6.0.3.jar:6.0.3]
	at org.junit.platform.engine.support.hierarchical.NodeTestTask.lambda$executeRecursively$2(NodeTestTask.java:180) ~[junit-platform-engine-6.0.3.jar:6.0.3]
	at org.junit.platform.engine.support.hierarchical.ThrowableCollector.execute(ThrowableCollector.java:74) ~[junit-platform-engine-6.0.3.jar:6.0.3]
	at org.junit.platform.engine.support.hierarchical.NodeTestTask.lambda$executeRecursively$1(NodeTestTask.java:166) ~[junit-platform-engine-6.0.3.jar:6.0.3]
	at org.junit.platform.engine.support.hierarchical.Node.around(Node.java:138) ~[junit-platform-engine-6.0.3.jar:6.0.3]
	at org.junit.platform.engine.support.hierarchical.NodeTestTask.lambda$executeRecursively$0(NodeTestTask.java:164) ~[junit-platform-engine-6.0.3.jar:6.0.3]
	at org.junit.platform.engine.support.hierarchical.ThrowableCollector.execute(ThrowableCollector.java:74) ~[junit-platform-engine-6.0.3.jar:6.0.3]
	at org.junit.platform.engine.support.hierarchical.NodeTestTask.executeRecursively(NodeTestTask.java:163) ~[junit-platform-engine-6.0.3.jar:6.0.3]
	at org.junit.platform.engine.support.hierarchical.NodeTestTask.execute(NodeTestTask.java:116) ~[junit-platform-engine-6.0.3.jar:6.0.3]
	at java.base/java.util.ArrayList.forEach(ArrayList.java:1596) ~[na:na]
	at org.junit.platform.engine.support.hierarchical.SameThreadHierarchicalTestExecutorService.invokeAll(SameThreadHierarchicalTestExecutorService.java:42) ~[junit-platform-engine-6.0.3.jar:6.0.3]
	at org.junit.platform.engine.support.hierarchical.NodeTestTask.lambda$executeRecursively$2(NodeTestTask.java:180) ~[junit-platform-engine-6.0.3.jar:6.0.3]
	at org.junit.platform.engine.support.hierarchical.ThrowableCollector.execute(ThrowableCollector.java:74) ~[junit-platform-engine-6.0.3.jar:6.0.3]
	at org.junit.platform.engine.support.hierarchical.NodeTestTask.lambda$executeRecursively$1(NodeTestTask.java:166) ~[junit-platform-engine-6.0.3.jar:6.0.3]
	at org.junit.platform.engine.support.hierarchical.Node.around(Node.java:138) ~[junit-platform-engine-6.0.3.jar:6.0.3]
	at org.junit.platform.engine.support.hierarchical.NodeTestTask.lambda$executeRecursively$0(NodeTestTask.java:164) ~[junit-platform-engine-6.0.3.jar:6.0.3]
	at org.junit.platform.engine.support.hierarchical.ThrowableCollector.execute(ThrowableCollector.java:74) ~[junit-platform-engine-6.0.3.jar:6.0.3]
	at org.junit.platform.engine.support.hierarchical.NodeTestTask.executeRecursively(NodeTestTask.java:163) ~[junit-platform-engine-6.0.3.jar:6.0.3]
	at org.junit.platform.engine.support.hierarchical.NodeTestTask.execute(NodeTestTask.java:116) ~[junit-platform-engine-6.0.3.jar:6.0.3]
	at org.junit.platform.engine.support.hierarchical.SameThreadHierarchicalTestExecutorService.submit(SameThreadHierarchicalTestExecutorService.java:36) ~[junit-platform-engine-6.0.3.jar:6.0.3]
	at org.junit.platform.engine.support.hierarchical.HierarchicalTestExecutor.execute(HierarchicalTestExecutor.java:52) ~[junit-platform-engine-6.0.3.jar:6.0.3]
	at org.junit.platform.engine.support.hierarchical.HierarchicalTestEngine.execute(HierarchicalTestEngine.java:58) ~[junit-platform-engine-6.0.3.jar:6.0.3]
	at org.junit.platform.launcher.core.EngineExecutionOrchestrator.executeEngine(EngineExecutionOrchestrator.java:246) ~[junit-platform-launcher-6.0.3.jar:6.0.3]
	at org.junit.platform.launcher.core.EngineExecutionOrchestrator.failOrExecuteEngine(EngineExecutionOrchestrator.java:218) ~[junit-platform-launcher-6.0.3.jar:6.0.3]
	at org.junit.platform.launcher.core.EngineExecutionOrchestrator.execute(EngineExecutionOrchestrator.java:179) ~[junit-platform-launcher-6.0.3.jar:6.0.3]
	at org.junit.platform.launcher.core.EngineExecutionOrchestrator.execute(EngineExecutionOrchestrator.java:108) ~[junit-platform-launcher-6.0.3.jar:6.0.3]
	at org.junit.platform.launcher.core.EngineExecutionOrchestrator.lambda$execute$0(EngineExecutionOrchestrator.java:66) ~[junit-platform-launcher-6.0.3.jar:6.0.3]
	at org.junit.platform.launcher.core.EngineExecutionOrchestrator.withInterceptedStreams(EngineExecutionOrchestrator.java:157) ~[junit-platform-launcher-6.0.3.jar:6.0.3]
	at org.junit.platform.launcher.core.EngineExecutionOrchestrator.execute(EngineExecutionOrchestrator.java:65) ~[junit-platform-launcher-6.0.3.jar:6.0.3]
	at org.junit.platform.launcher.core.DefaultLauncher.execute(DefaultLauncher.java:125) ~[junit-platform-launcher-6.0.3.jar:6.0.3]
	at org.junit.platform.launcher.core.DefaultLauncher.execute(DefaultLauncher.java:114) ~[junit-platform-launcher-6.0.3.jar:6.0.3]
	at org.junit.platform.launcher.core.DelegatingLauncher.execute(DelegatingLauncher.java:58) ~[junit-platform-launcher-6.0.3.jar:6.0.3]
	at org.junit.platform.launcher.core.InterceptingLauncher.lambda$execute$2(InterceptingLauncher.java:57) ~[junit-platform-launcher-6.0.3.jar:6.0.3]
	at org.junit.platform.launcher.core.ClasspathAlignmentCheckingLauncherInterceptor.intercept(ClasspathAlignmentCheckingLauncherInterceptor.java:25) ~[junit-platform-launcher-6.0.3.jar:6.0.3]
	at org.junit.platform.launcher.core.InterceptingLauncher.execute(InterceptingLauncher.java:56) ~[junit-platform-launcher-6.0.3.jar:6.0.3]
	at org.junit.platform.launcher.core.DelegatingLauncher.execute(DelegatingLauncher.java:58) ~[junit-platform-launcher-6.0.3.jar:6.0.3]
	at java.base/jdk.internal.reflect.DirectMethodHandleAccessor.invoke(DirectMethodHandleAccessor.java:103) ~[na:na]
	at java.base/java.lang.reflect.Method.invoke(Method.java:580) ~[na:na]
	at org.apache.maven.surefire.api.util.ReflectionUtils.invokeMethodWithArray(ReflectionUtils.java:125) ~[surefire-api-3.5.6.jar:3.5.6]
	at org.apache.maven.surefire.junitplatform.LauncherAdapter.executeWithCancellationToken(LauncherAdapter.java:68) ~[surefire-junit-platform-3.5.6.jar:3.5.6]
	at org.apache.maven.surefire.junitplatform.LauncherAdapter.execute(LauncherAdapter.java:54) ~[surefire-junit-platform-3.5.6.jar:3.5.6]
	at org.apache.maven.surefire.junitplatform.JUnitPlatformProvider.execute(JUnitPlatformProvider.java:203) ~[surefire-junit-platform-3.5.6.jar:3.5.6]
	at org.apache.maven.surefire.junitplatform.JUnitPlatformProvider.invokeAllTests(JUnitPlatformProvider.java:168) ~[surefire-junit-platform-3.5.6.jar:3.5.6]
	at org.apache.maven.surefire.junitplatform.JUnitPlatformProvider.invoke(JUnitPlatformProvider.java:136) ~[surefire-junit-platform-3.5.6.jar:3.5.6]
	at org.apache.maven.surefire.booter.ForkedBooter.runSuitesInProcess(ForkedBooter.java:385) ~[surefire-booter-3.5.6.jar:3.5.6]
	at org.apache.maven.surefire.booter.ForkedBooter.execute(ForkedBooter.java:162) ~[surefire-booter-3.5.6.jar:3.5.6]
	at org.apache.maven.surefire.booter.ForkedBooter.run(ForkedBooter.java:507) ~[surefire-booter-3.5.6.jar:3.5.6]
	at org.apache.maven.surefire.booter.ForkedBooter.main(ForkedBooter.java:495) ~[surefire-booter-3.5.6.jar:3.5.6]

2026-08-09T20:49:00.980+03:00  INFO 37928 --- [kargo-api] [           main] com.kargo.api.TransactionDemo            : ONCE  -> gonderi: 100022, event: 37
2026-08-09T20:49:00.981+03:00 DEBUG 37928 --- [kargo-api] [           main] org.hibernate.SQL                        : 
    select
        count(*) 
    from
        shipments se1_0
2026-08-09T20:49:00.988+03:00 DEBUG 37928 --- [kargo-api] [           main] org.hibernate.SQL                        : 
    select
        count(*) 
    from
        shipment_events see1_0
2026-08-09T20:49:00.990+03:00  INFO 37928 --- [kargo-api] [           main] com.kargo.api.TransactionDemo            : SONRA -> gonderi: 100022, event: 37
2026-08-09T20:49:00.990+03:00  INFO 37928 --- [kargo-api] [           main] com.kargo.api.KargoApiApplication        : Base Price:22.95 TRY
2026-08-09T20:49:00.990+03:00  INFO 37928 --- [kargo-api] [           main] com.kargo.api.KargoApiApplication        : Per Kg:2.50
2026-08-09T20:49:00.990+03:00  INFO 37928 --- [kargo-api] [           main] com.kargo.api.KargoApiApplication        : Currency:TRY
2026-08-09T20:49:01.339+03:00 DEBUG 37928 --- [kargo-api] [           main] org.hibernate.SQL                        : 
    select
        se1_0.id,
        se1_0.branch_id,
        se1_0.courier_id,
        se1_0.created_at,
        se1_0.customer_id,
        e1_0.shipment_id,
        e1_0.id,
        e1_0.note,
        e1_0.occurred_at,
        e1_0.status,
        se1_0.price,
        se1_0.status,
        se1_0.tracking_number,
        se1_0.weight_kg 
    from
        shipments se1_0 
    left join
        shipment_events e1_0 
            on se1_0.id=e1_0.shipment_id
2026-08-09T20:49:02.008+03:00 DEBUG 37928 --- [kargo-api] [           main] org.hibernate.SQL                        : 
    select
        se1_0.id,
        se1_0.branch_id,
        se1_0.courier_id,
        se1_0.created_at,
        se1_0.customer_id,
        se1_0.price,
        se1_0.status,
        se1_0.tracking_number,
        se1_0.weight_kg 
    from
        shipments se1_0 
    where
        se1_0.id=?
2026-08-09T20:49:02.009+03:00 TRACE 37928 --- [kargo-api] [           main] org.hibernate.orm.jdbc.bind              : binding parameter (1:BIGINT) <- [1]
]]></system-out>
    <system-err><![CDATA[Mockito is currently self-attaching to enable the inline-mock-maker. This will no longer work in future releases of the JDK. Please add Mockito as an agent to your build as described in Mockito's documentation: https://javadoc.io/doc/org.mockito/mockito-core/latest/org.mockito/org/mockito/Mockito.html#0.3
WARNING: A Java agent has been loaded dynamically (C:\Users\Bayram\.m2\repository\net\bytebuddy\byte-buddy-agent\1.17.8\byte-buddy-agent-1.17.8.jar)
WARNING: If a serviceability tool is in use, please run with -XX:+EnableDynamicAgentLoading to hide this warning
WARNING: If a serviceability tool is not in use, please run with -Djdk.instrument.traceUsage for more information
WARNING: Dynamic loading of agents will be disallowed by default in a future release
]]></system-err>
  </testcase>
  <testcase name="getSizeDemo" classname="com.kargo.api.LazyLoadingTest" time="0.481">
    <system-out><![CDATA[2026-08-09T20:49:02.039+03:00 DEBUG 37928 --- [kargo-api] [           main] org.hibernate.SQL                        : 
    select
        se1_0.id,
        se1_0.branch_id,
        se1_0.courier_id,
        se1_0.created_at,
        se1_0.customer_id,
        e1_0.shipment_id,
        e1_0.id,
        e1_0.note,
        e1_0.occurred_at,
        e1_0.status,
        se1_0.price,
        se1_0.status,
        se1_0.tracking_number,
        se1_0.weight_kg 
    from
        shipments se1_0 
    left join
        shipment_events e1_0 
            on se1_0.id=e1_0.shipment_id
2026-08-09T20:49:02.509+03:00 DEBUG 37928 --- [kargo-api] [           main] org.hibernate.SQL                        : 
    select
        se1_0.id,
        se1_0.branch_id,
        se1_0.courier_id,
        se1_0.created_at,
        se1_0.customer_id,
        e1_0.shipment_id,
        e1_0.id,
        e1_0.note,
        e1_0.occurred_at,
        e1_0.status,
        se1_0.price,
        se1_0.status,
        se1_0.tracking_number,
        se1_0.weight_kg 
    from
        shipments se1_0 
    left join
        shipment_events e1_0 
            on se1_0.id=e1_0.shipment_id 
    where
        se1_0.id=?
2026-08-09T20:49:02.509+03:00 TRACE 37928 --- [kargo-api] [           main] org.hibernate.orm.jdbc.bind              : binding parameter (1:BIGINT) <- [1]
]]></system-out>
  </testcase>
</testsuite>