<?xml version="1.0" encoding="UTF-8"?>
<testsuite xmlns:xsi="http://www.w3.org/2001/XMLSchema-instance" xsi:noNamespaceSchemaLocation="https://maven.apache.org/surefire/maven-surefire-plugin/xsd/surefire-test-report.xsd" version="3.0.2" name="com.kargo.api.LazyLoadingTest" time="11.08" tests="2" errors="0" skipped="0" failures="0" flakes="0">
  <properties>
[...]
</properties>
  <testcase name="lazyErisim_sessionKapaliykenPatlar" classname="com.kargo.api.LazyLoadingTest" time="0.844">
    <system-out><![CDATA[20:02:15.654 [main] INFO org.springframework.test.context.support.AnnotationConfigContextLoaderUtils -- Could not detect default configuration classes for test class [com.kargo.api.LazyLoadingTest]: LazyLoadingTest does not declare any static, non-private, non-final, nested classes annotated with @Configuration.
20:02:15.768 [main] INFO org.springframework.boot.test.context.SpringBootTestContextBootstrapper -- Found @SpringBootConfiguration com.kargo.api.KargoApiApplication for test class com.kargo.api.LazyLoadingTest
20:02:15.856 [main] INFO org.springframework.test.context.support.AnnotationConfigContextLoaderUtils -- Could not detect default configuration classes for test class [com.kargo.api.LazyLoadingTest]: LazyLoadingTest does not declare any static, non-private, non-final, nested classes annotated with @Configuration.
20:02:15.857 [main] INFO org.springframework.boot.test.context.SpringBootTestContextBootstrapper -- Found @SpringBootConfiguration com.kargo.api.KargoApiApplication for test class com.kargo.api.LazyLoadingTest

  .   ____          _            __ _ _
 /\\ / ___'_ __ _ _(_)_ __  __ _ \ \ \ \
( ( )\___ | '_ | '_| | '_ \/ _` | \ \ \ \
 \\/  ___)| |_)| | | | | || (_| |  ) ) ) )
  '  |____| .__|_| |_|_| |_\__, | / / / /
 =========|_|==============|___/=/_/_/_/

 :: Spring Boot ::                (v4.0.7)

2026-08-09T20:02:16.249+03:00  INFO 20172 --- [kargo-api] [           main] com.kargo.api.LazyLoadingTest            : Starting LazyLoadingTest using Java 21.0.8 with PID 20172 (started by Bayram in C:\Users\Bayram\Desktop\JavaProject\kargo-v2\kargo-api)
2026-08-09T20:02:16.250+03:00  INFO 20172 --- [kargo-api] [           main] com.kargo.api.LazyLoadingTest            : The following 1 profile is active: "dev"
2026-08-09T20:02:16.892+03:00  INFO 20172 --- [kargo-api] [           main] .s.d.r.c.RepositoryConfigurationDelegate : Bootstrapping Spring Data JPA repositories in DEFAULT mode.
2026-08-09T20:02:16.958+03:00  INFO 20172 --- [kargo-api] [           main] .s.d.r.c.RepositoryConfigurationDelegate : Finished Spring Data repository scanning in 56 ms. Found 5 JPA repository interfaces.
2026-08-09T20:02:18.092+03:00  INFO 20172 --- [kargo-api] [           main] com.zaxxer.hikari.HikariDataSource       : HikariPool-1 - Starting...
2026-08-09T20:02:18.328+03:00  INFO 20172 --- [kargo-api] [           main] com.zaxxer.hikari.pool.HikariPool        : HikariPool-1 - Added connection org.postgresql.jdbc.PgConnection@76e00bdb
2026-08-09T20:02:18.331+03:00  INFO 20172 --- [kargo-api] [           main] com.zaxxer.hikari.HikariDataSource       : HikariPool-1 - Start completed.
2026-08-09T20:02:18.375+03:00  INFO 20172 --- [kargo-api] [           main] org.flywaydb.core.FlywayExecutor         : Database: jdbc:postgresql://127.0.0.1:5433/kargodb (PostgreSQL 17.10)
2026-08-09T20:02:18.464+03:00  INFO 20172 --- [kargo-api] [           main] o.f.core.internal.command.DbValidate     : Successfully validated 6 migrations (execution time 00:00.044s)
2026-08-09T20:02:18.493+03:00  INFO 20172 --- [kargo-api] [           main] o.f.core.internal.command.DbMigrate      : Current version of schema "public": 6
2026-08-09T20:02:18.499+03:00  INFO 20172 --- [kargo-api] [           main] o.f.core.internal.command.DbMigrate      : Schema "public" is up to date. No migration necessary.
2026-08-09T20:02:18.654+03:00  INFO 20172 --- [kargo-api] [           main] org.hibernate.orm.jpa                    : HHH008540: Processing PersistenceUnitInfo [name: default]
2026-08-09T20:02:18.727+03:00  INFO 20172 --- [kargo-api] [           main] org.hibernate.orm.core                   : HHH000001: Hibernate ORM core version 7.2.19.Final
2026-08-09T20:02:19.249+03:00  INFO 20172 --- [kargo-api] [           main] o.s.o.j.p.SpringPersistenceUnitInfo      : No LoadTimeWeaver setup: ignoring JPA class transformer
2026-08-09T20:02:19.340+03:00  INFO 20172 --- [kargo-api] [           main] org.hibernate.orm.connections.pooling    : HHH10001005: Database info:
	Database JDBC URL [jdbc:postgresql://127.0.0.1:5433/kargodb]
	Database driver: PostgreSQL JDBC Driver
	Database dialect: PostgreSQLDialect
	Database version: 17.10
	Default catalog/schema: kargodb/public
	Autocommit mode: undefined/unknown
	Isolation level: READ_COMMITTED [default READ_COMMITTED]
	JDBC fetch size: none
	Pool: DataSourceConnectionProvider
	Minimum pool size: undefined/unknown
	Maximum pool size: undefined/unknown
2026-08-09T20:02:20.234+03:00  INFO 20172 --- [kargo-api] [           main] org.hibernate.orm.core                   : HHH000489: No JTA platform available (set 'hibernate.transaction.jta.platform' to enable JTA platform integration)
2026-08-09T20:02:20.282+03:00  INFO 20172 --- [kargo-api] [           main] j.LocalContainerEntityManagerFactoryBean : Initialized JPA EntityManagerFactory for persistence unit 'default'
2026-08-09T20:02:20.364+03:00  INFO 20172 --- [kargo-api] [           main] o.s.d.j.r.query.QueryEnhancerFactories   : Hibernate is in classpath; If applicable, HQL parser will be used.
2026-08-09T20:02:21.311+03:00  INFO 20172 --- [kargo-api] [           main] c.k.a.l.LoggingBeanPostProcessor         : BEFORE  pricing
2026-08-09T20:02:21.311+03:00  INFO 20172 --- [kargo-api] [           main] c.kargo.api.lifecycle.LifecycleDemoBean  : @PostConstruct LifecycleDemoBean 
2026-08-09T20:02:21.311+03:00  INFO 20172 --- [kargo-api] [           main] c.k.a.l.LoggingBeanPostProcessor         : AFTER pricing
2026-08-09T20:02:21.333+03:00  INFO 20172 --- [kargo-api] [           main] c.k.a.l.LoggingBeanPostProcessor         : BEFORE  pricing
2026-08-09T20:02:21.333+03:00  INFO 20172 --- [kargo-api] [           main] c.k.a.l.LoggingBeanPostProcessor         : AFTER pricing
2026-08-09T20:02:21.919+03:00  INFO 20172 --- [kargo-api] [           main] c.k.a.l.LoggingBeanPostProcessor         : BEFORE  pricing
2026-08-09T20:02:21.919+03:00  INFO 20172 --- [kargo-api] [           main] c.k.a.l.LoggingBeanPostProcessor         : AFTER pricing
2026-08-09T20:02:21.920+03:00  INFO 20172 --- [kargo-api] [           main] c.k.a.l.LoggingBeanPostProcessor         : BEFORE  pricing
2026-08-09T20:02:21.920+03:00  INFO 20172 --- [kargo-api] [           main] c.k.a.l.LoggingBeanPostProcessor         : AFTER pricing
2026-08-09T20:02:21.922+03:00  INFO 20172 --- [kargo-api] [           main] c.k.a.l.LoggingBeanPostProcessor         : BEFORE  pricing
2026-08-09T20:02:21.922+03:00  INFO 20172 --- [kargo-api] [           main] c.k.a.l.LoggingBeanPostProcessor         : AFTER pricing
2026-08-09T20:02:22.170+03:00  INFO 20172 --- [kargo-api] [           main] o.s.b.a.e.web.EndpointLinksResolver      : Exposing 4 endpoints beneath base path '/actuator'
2026-08-09T20:02:22.265+03:00  INFO 20172 --- [kargo-api] [           main] com.kargo.api.LazyLoadingTest            : Started LazyLoadingTest in 6.349 seconds (process running for 7.437)
2026-08-09T20:02:22.460+03:00 DEBUG 20172 --- [kargo-api] [           main] org.hibernate.SQL                        : 
    select
        count(*) 
    from
        shipments se1_0
2026-08-09T20:02:22.506+03:00 DEBUG 20172 --- [kargo-api] [           main] org.hibernate.SQL                        : 
    select
        se1_0.id,
        se1_0.branch_id,
        se1_0.courier_id,
        se1_0.created_at,
        se1_0.customer_id,
        e1_0.shipment_id,
        e1_0.id,
        e1_0.note,
        e1_0.occurred_at,
        e1_0.status,
        se1_0.price,
        se1_0.status,
        se1_0.tracking_number,
        se1_0.weight_kg 
    from
        shipments se1_0 
    left join
        shipment_events e1_0 
            on se1_0.id=e1_0.shipment_id
2026-08-09T20:02:23.798+03:00  INFO 20172 --- [kargo-api] [           main] com.kargo.api.NPlusOneDemo               : 1
2026-08-09T20:02:24.261+03:00 DEBUG 20172 --- [kargo-api] [           main] org.hibernate.SQL                        : 
    select
        se1_0.id,
        se1_0.branch_id,
        se1_0.courier_id,
        se1_0.created_at,
        se1_0.customer_id,
        se1_0.price,
        se1_0.status,
        se1_0.tracking_number,
        se1_0.weight_kg 
    from
        shipments se1_0 
    where
        se1_0.status=?
2026-08-09T20:02:24.262+03:00 TRACE 20172 --- [kargo-api] [           main] org.hibernate.orm.jdbc.bind              : binding parameter (1:VARCHAR) <- [CREATED]
2026-08-09T20:02:24.498+03:00 DEBUG 20172 --- [kargo-api] [           main] org.hibernate.SQL                        : 
    select
        se1_0.id,
        se1_0.branch_id,
        se1_0.courier_id,
        se1_0.created_at,
        se1_0.customer_id,
        se1_0.price,
        se1_0.status,
        se1_0.tracking_number,
        se1_0.weight_kg 
    from
        shipments se1_0 
    where
        se1_0.branch_id=?
2026-08-09T20:02:24.498+03:00 TRACE 20172 --- [kargo-api] [           main] org.hibernate.orm.jdbc.bind              : binding parameter (1:BIGINT) <- [1]
2026-08-09T20:02:24.554+03:00 DEBUG 20172 --- [kargo-api] [           main] org.hibernate.SQL                        : 
    select
        se1_0.id,
        se1_0.branch_id,
        se1_0.courier_id,
        se1_0.created_at,
        se1_0.customer_id,
        se1_0.price,
        se1_0.status,
        se1_0.tracking_number,
        se1_0.weight_kg 
    from
        shipments se1_0 
    where
        se1_0.status=? 
        and se1_0.branch_id=?
2026-08-09T20:02:24.554+03:00 TRACE 20172 --- [kargo-api] [           main] org.hibernate.orm.jdbc.bind              : binding parameter (1:VARCHAR) <- [CREATED]
2026-08-09T20:02:24.554+03:00 TRACE 20172 --- [kargo-api] [           main] org.hibernate.orm.jdbc.bind              : binding parameter (2:BIGINT) <- [1]
2026-08-09T20:02:24.589+03:00 DEBUG 20172 --- [kargo-api] [           main] org.hibernate.SQL                        : 
    select
        se1_0.id,
        se1_0.branch_id,
        se1_0.courier_id,
        se1_0.created_at,
        se1_0.customer_id,
        se1_0.price,
        se1_0.status,
        se1_0.tracking_number,
        se1_0.weight_kg 
    from
        shipments se1_0 
    where
        1=1 
        and 1=1 
        and 1=1 
        and 1=1
2026-08-09T20:02:25.016+03:00  INFO 20172 --- [kargo-api] [           main] com.kargo.api.SpecificationDemo          : Sadece CREATED: 20001
2026-08-09T20:02:25.016+03:00  INFO 20172 --- [kargo-api] [           main] com.kargo.api.SpecificationDemo          : Sadece BRANCH2
2026-08-09T20:02:25.016+03:00  INFO 20172 --- [kargo-api] [           main] com.kargo.api.SpecificationDemo          : CREATED ve BRANCH Birlikte: 1
2026-08-09T20:02:25.016+03:00  INFO 20172 --- [kargo-api] [           main] com.kargo.api.SpecificationDemo          : Alayı Birlikte: 100005
2026-08-09T20:02:25.159+03:00  INFO 20172 --- [kargo-api] [           main] com.kargo.api.KargoApiApplication        : Base Price:22.95 TRY
2026-08-09T20:02:25.159+03:00  INFO 20172 --- [kargo-api] [           main] com.kargo.api.KargoApiApplication        : Per Kg:2.50
2026-08-09T20:02:25.159+03:00  INFO 20172 --- [kargo-api] [           main] com.kargo.api.KargoApiApplication        : Currency:TRY
2026-08-09T20:02:25.507+03:00 DEBUG 20172 --- [kargo-api] [           main] org.hibernate.SQL                        : 
    select
        se1_0.id,
        se1_0.branch_id,
        se1_0.courier_id,
        se1_0.created_at,
        se1_0.customer_id,
        e1_0.shipment_id,
        e1_0.id,
        e1_0.note,
        e1_0.occurred_at,
        e1_0.status,
        se1_0.price,
        se1_0.status,
        se1_0.tracking_number,
        se1_0.weight_kg 
    from
        shipments se1_0 
    left join
        shipment_events e1_0 
            on se1_0.id=e1_0.shipment_id
2026-08-09T20:02:26.000+03:00 DEBUG 20172 --- [kargo-api] [           main] org.hibernate.SQL                        : 
    select
        se1_0.id,
        se1_0.branch_id,
        se1_0.courier_id,
        se1_0.created_at,
        se1_0.customer_id,
        se1_0.price,
        se1_0.status,
        se1_0.tracking_number,
        se1_0.weight_kg 
    from
        shipments se1_0 
    where
        se1_0.id=?
2026-08-09T20:02:26.000+03:00 TRACE 20172 --- [kargo-api] [           main] org.hibernate.orm.jdbc.bind              : binding parameter (1:BIGINT) <- [1]
]]></system-out>
    <system-err><![CDATA[Mockito is currently self-attaching to enable the inline-mock-maker. This will no longer work in future releases of the JDK. Please add Mockito as an agent to your build as described in Mockito's documentation: https://javadoc.io/doc/org.mockito/mockito-core/latest/org.mockito/org/mockito/Mockito.html#0.3
WARNING: A Java agent has been loaded dynamically (C:\Users\Bayram\.m2\repository\net\bytebuddy\byte-buddy-agent\1.17.8\byte-buddy-agent-1.17.8.jar)
WARNING: If a serviceability tool is in use, please run with -XX:+EnableDynamicAgentLoading to hide this warning
WARNING: If a serviceability tool is not in use, please run with -Djdk.instrument.traceUsage for more information
WARNING: Dynamic loading of agents will be disallowed by default in a future release
]]></system-err>
  </testcase>
  <testcase name="getSizeDemo" classname="com.kargo.api.LazyLoadingTest" time="0.473">
    <system-out><![CDATA[2026-08-09T20:02:26.024+03:00 DEBUG 20172 --- [kargo-api] [           main] org.hibernate.SQL                        : 
    select
        se1_0.id,
        se1_0.branch_id,
        se1_0.courier_id,
        se1_0.created_at,
        se1_0.customer_id,
        e1_0.shipment_id,
        e1_0.id,
        e1_0.note,
        e1_0.occurred_at,
        e1_0.status,
        se1_0.price,
        se1_0.status,
        se1_0.tracking_number,
        se1_0.weight_kg 
    from
        shipments se1_0 
    left join
        shipment_events e1_0 
            on se1_0.id=e1_0.shipment_id
2026-08-09T20:02:26.484+03:00 DEBUG 20172 --- [kargo-api] [           main] org.hibernate.SQL                        : 
    select
        se1_0.id,
        se1_0.branch_id,
        se1_0.courier_id,
        se1_0.created_at,
        se1_0.customer_id,
        e1_0.shipment_id,
        e1_0.id,
        e1_0.note,
        e1_0.occurred_at,
        e1_0.status,
        se1_0.price,
        se1_0.status,
        se1_0.tracking_number,
        se1_0.weight_kg 
    from
        shipments se1_0 
    left join
        shipment_events e1_0 
            on se1_0.id=e1_0.shipment_id 
    where
        se1_0.id=?
2026-08-09T20:02:26.484+03:00 TRACE 20172 --- [kargo-api] [           main] org.hibernate.orm.jdbc.bind              : binding parameter (1:BIGINT) <- [1]
]]></system-out>
  </testcase>
</testsuite>